<?xml version="1.0" encoding="UTF-8"?>
<testsuite xmlns:xsi="http://www.w3.org/2001/XMLSchema-instance" xsi:noNamespaceSchemaLocation="https://maven.apache.org/surefire/maven-surefire-plugin/xsd/surefire-test-report-3.0.xsd" version="3.0" name="com.lpoo.atividade03.UsaFormasTest" time="0.081" tests="7" errors="0" skipped="0" failures="0">
  <properties>
[...]
</properties>
  <testcase name="testCircunferenciaArea" classname="com.lpoo.atividade03.UsaFormasTest" time="0.036"/>
  <testcase name="testRetanguloLadosNegativos" classname="com.lpoo.atividade03.UsaFormasTest" time="0.004"/>
  <testcase name="testTrianguloArea" classname="com.lpoo.atividade03.UsaFormasTest" time="0.002"/>
  <testcase name="testRetanguloPerimetro" classname="com.lpoo.atividade03.UsaFormasTest" time="0.001"/>
  <testcase name="testTrianguloBaseAlturaNegativa" classname="com.lpoo.atividade03.UsaFormasTest" time="0.001"/>
  <testcase name="testRetanguloArea" classname="com.lpoo.atividade03.UsaFormasTest" time="0.001"/>
  <testcase name="testCircunferenciaRaioNegativo" classname="com.lpoo.atividade03.UsaFormasTest" time="0.001"/>
</testsuite>